2019-09-21 18:48:58.302[main] DEBUG com.mr.nanke.utils.ImageUtil-文件处理问完后的随机名字2019092118485824187
2019-09-21 18:48:58.323[main] DEBUG com.mr.nanke.utils.ImageUtil-文件的最终路径：upload\item\shop\15\2019092118485824187.png
2019-09-21 18:48:58.323[main] DEBUG com.mr.nanke.utils.ImageUtil-文件放的位置：D:\projectdev\image\upload\item\shop\15\2019092118485824187.png
2019-09-21 18:48:58.742[main] DEBUG com.mr.nanke.utils.ImageUtil-文件处理问完后的随机名字2019092118485869501
2019-09-21 18:48:58.743[main] DEBUG com.mr.nanke.utils.ImageUtil-文件的最终路径：upload\item\shop\15\2019092118485869501.jpg
2019-09-21 18:48:58.743[main] DEBUG com.mr.nanke.utils.ImageUtil-文件放的位置：D:\projectdev\image\upload\item\shop\15\2019092118485869501.jpg
2019-09-21 18:48:58.832[main] DEBUG com.mr.nanke.utils.ImageUtil-文件处理问完后的随机名字2019092118485876720
2019-09-21 18:48:58.833[main] DEBUG com.mr.nanke.utils.ImageUtil-文件的最终路径：upload\item\shop\15\2019092118485876720.jpg
2019-09-21 18:48:58.833[main] DEBUG com.mr.nanke.utils.ImageUtil-文件放的位置：D:\projectdev\image\upload\item\shop\15\2019092118485876720.jpg
2019-09-21 18:55:11.740[main] DEBUG com.mr.nanke.utils.ImageUtil-文件处理问完后的随机名字2019092118551125086
2019-09-21 18:55:11.747[main] DEBUG com.mr.nanke.utils.ImageUtil-文件的最终路径：upload\item\shop\31\2019092118551125086.png
2019-09-21 18:55:11.748[main] DEBUG com.mr.nanke.utils.ImageUtil-文件放的位置：D:\projectdev\image\upload\item\shop\31\2019092118551125086.png
2019-09-21 18:58:19.716[main] DEBUG com.mr.nanke.utils.ImageUtil-文件处理问完后的随机名字2019092118581928066
2019-09-21 18:58:19.725[main] DEBUG com.mr.nanke.utils.ImageUtil-文件的最终路径：upload\item\shop\20\2019092118581928066.png
2019-09-21 18:58:19.725[main] DEBUG com.mr.nanke.utils.ImageUtil-文件放的位置：D:\projectdev\image\upload\item\shop\20\2019092118581928066.png
2019-09-21 18:58:20.110[main] DEBUG com.mr.nanke.utils.ImageUtil-文件处理问完后的随机名字2019092118582095253
2019-09-21 18:58:20.110[main] DEBUG com.mr.nanke.utils.ImageUtil-文件的最终路径：upload\item\shop\20\2019092118582095253.jpg
2019-09-21 18:58:20.110[main] DEBUG com.mr.nanke.utils.ImageUtil-文件放的位置：D:\projectdev\image\upload\item\shop\20\2019092118582095253.jpg
2019-09-21 18:58:20.213[main] DEBUG com.mr.nanke.utils.ImageUtil-文件处理问完后的随机名字2019092118582053223
2019-09-21 18:58:20.214[main] DEBUG com.mr.nanke.utils.ImageUtil-文件的最终路径：upload\item\shop\20\2019092118582053223.png
2019-09-21 18:58:20.214[main] DEBUG com.mr.nanke.utils.ImageUtil-文件放的位置：D:\projectdev\image\upload\item\shop\20\2019092118582053223.png
2019-09-21 19:02:15.758[main] DEBUG com.mr.nanke.utils.ImageUtil-文件处理问完后的随机名字2019092119021562190
2019-09-21 19:02:15.765[main] DEBUG com.mr.nanke.utils.ImageUtil-文件的最终路径：upload\item\shop\20\2019092119021562190.png
2019-09-21 19:02:15.765[main] DEBUG com.mr.nanke.utils.ImageUtil-文件放的位置：D:\projectdev\image\upload\item\shop\20\2019092119021562190.png
2019-09-21 19:02:16.175[main] DEBUG com.mr.nanke.utils.ImageUtil-文件处理问完后的随机名字2019092119021648278
2019-09-21 19:02:16.175[main] DEBUG com.mr.nanke.utils.ImageUtil-文件的最终路径：upload\item\shop\20\2019092119021648278.jpg
2019-09-21 19:02:16.175[main] DEBUG com.mr.nanke.utils.ImageUtil-文件放的位置：D:\projectdev\image\upload\item\shop\20\2019092119021648278.jpg
2019-09-21 19:02:16.238[main] DEBUG com.mr.nanke.utils.ImageUtil-文件处理问完后的随机名字2019092119021656504
2019-09-21 19:02:16.238[main] DEBUG com.mr.nanke.utils.ImageUtil-文件的最终路径：upload\item\shop\20\2019092119021656504.png
2019-09-21 19:02:16.238[main] DEBUG com.mr.nanke.utils.ImageUtil-文件放的位置：D:\projectdev\image\upload\item\shop\20\2019092119021656504.png
2019-09-21 22:19:07.255[main] DEBUG com.mr.nanke.utils.ImageUtil-文件处理问完后的随机名字2019092122190743581
2019-09-21 22:19:07.264[main] DEBUG com.mr.nanke.utils.ImageUtil-文件的最终路径：upload\item\shop\20\2019092122190743581.png
2019-09-21 22:19:07.264[main] DEBUG com.mr.nanke.utils.ImageUtil-文件放的位置：D:\projectdev\image\upload\item\shop\20\2019092122190743581.png
2019-09-21 22:19:07.767[main] DEBUG com.mr.nanke.utils.ImageUtil-文件处理问完后的随机名字2019092122190795827
2019-09-21 22:19:07.767[main] DEBUG com.mr.nanke.utils.ImageUtil-文件的最终路径：upload\item\shop\20\2019092122190795827.jpg
2019-09-21 22:19:07.767[main] DEBUG com.mr.nanke.utils.ImageUtil-文件放的位置：D:\projectdev\image\upload\item\shop\20\2019092122190795827.jpg
2019-09-21 22:19:07.858[main] DEBUG com.mr.nanke.utils.ImageUtil-文件处理问完后的随机名字2019092122190753828
2019-09-21 22:19:07.858[main] DEBUG com.mr.nanke.utils.ImageUtil-文件的最终路径：upload\item\shop\20\2019092122190753828.png
2019-09-21 22:19:07.858[main] DEBUG com.mr.nanke.utils.ImageUtil-文件放的位置：D:\projectdev\image\upload\item\shop\20\2019092122190753828.png
